Determining if the pthread_create exist failed with the following output:
Change Dir: /home/lewis/Dropbox/631_robot_vision/tennis_ball/CMakeFiles/CMakeTmp

Run Build Command:/usr/bin/make "cmTryCompileExec620245159/fast"
/usr/bin/make -f CMakeFiles/cmTryCompileExec620245159.dir/build.make CMakeFiles/cmTryCompileExec620245159.dir/build
make[1]: Entering directory `/home/lewis/Dropbox/631_robot_vision/tennis_ball/CMakeFiles/CMakeTmp'
/usr/bin/cmake -E cmake_progress_report /home/lewis/Dropbox/631_robot_vision/tennis_ball/CMakeFiles/CMakeTmp/CMakeFiles 1
Building C object CMakeFiles/cmTryCompileExec620245159.dir/CheckSymbolExists.c.o
/usr/bin/cc    -o CMakeFiles/cmTryCompileExec620245159.dir/CheckSymbolExists.c.o   -c /home/lewis/Dropbox/631_robot_vision/tennis_ball/CMakeFiles/CMakeTmp/CheckSymbolExists.c
Linking C executable cmTryCompileExec620245159
/usr/bin/cmake -E cmake_link_script CMakeFiles/cmTryCompileExec620245159.dir/link.txt --verbose=1
/usr/bin/cc       CMakeFiles/cmTryCompileExec620245159.dir/CheckSymbolExists.c.o  -o cmTryCompileExec620245159 -rdynamic 
CMakeFiles/cmTryCompileExec620245159.dir/CheckSymbolExists.c.o: In function `main':
CheckSymbolExists.c:(.text+0x16): undefined reference to `pthread_create'
collect2: error: ld returned 1 exit status
make[1]: Leaving directory `/home/lewis/Dropbox/631_robot_vision/tennis_ball/CMakeFiles/CMakeTmp'
make[1]: *** [cmTryCompileExec620245159] Error 1
make: *** [cmTryCompileExec620245159/fast] Error 2

File /home/lewis/Dropbox/631_robot_vision/tennis_ball/CMakeFiles/CMakeTmp/CheckSymbolExists.c:
/* */
#include <pthread.h>

int main(int argc, char** argv)
{
  (void)argv;
#ifndef pthread_create
  return ((int*)(&pthread_create))[argc];
#else
  (void)argc;
  return 0;
#endif
}

Determining if the function pthread_create exists in the pthreads failed with the following output:
Change Dir: /home/lewis/Dropbox/631_robot_vision/tennis_ball/CMakeFiles/CMakeTmp

Run Build Command:/usr/bin/make "cmTryCompileExec125891364/fast"
/usr/bin/make -f CMakeFiles/cmTryCompileExec125891364.dir/build.make CMakeFiles/cmTryCompileExec125891364.dir/build
make[1]: Entering directory `/home/lewis/Dropbox/631_robot_vision/tennis_ball/CMakeFiles/CMakeTmp'
/usr/bin/cmake -E cmake_progress_report /home/lewis/Dropbox/631_robot_vision/tennis_ball/CMakeFiles/CMakeTmp/CMakeFiles 1
Building C object CMakeFiles/cmTryCompileExec125891364.dir/CheckFunctionExists.c.o
/usr/bin/cc   -DCHECK_FUNCTION_EXISTS=pthread_create   -o CMakeFiles/cmTryCompileExec125891364.dir/CheckFunctionExists.c.o   -c /usr/share/cmake-2.8/Modules/CheckFunctionExists.c
Linking C executable cmTryCompileExec125891364
/usr/bin/cmake -E cmake_link_script CMakeFiles/cmTryCompileExec125891364.dir/link.txt --verbose=1
/usr/bin/cc   -DCHECK_FUNCTION_EXISTS=pthread_create    CMakeFiles/cmTryCompileExec125891364.dir/CheckFunctionExists.c.o  -o cmTryCompileExec125891364 -rdynamic -lpthreads 
/usr/bin/ld: cannot find -lpthreads
collect2: error: ld returned 1 exit status
make[1]: *** [cmTryCompileExec125891364] Error 1
make[1]: Leaving directory `/home/lewis/Dropbox/631_robot_vision/tennis_ball/CMakeFiles/CMakeTmp'
make: *** [cmTryCompileExec125891364/fast] Error 2


